This is XeTeX, Version 3.141592653-2.6-0.999996 (TeX Live 2024) (preloaded format=xelatex 2024.12.14)  8 FEB 2025 14:47
entering extended mode
 \write18 enabled.
 file:line:error style messages enabled.
 %&-line parsing enabled.
**tex2svg.tex
(./tex2svg.tex
LaTeX2e <2024-11-01> patch level 1
L3 programming layer <2024-11-02>
./tex2svg.tex:2: Undefined control sequence.
<argument> ...00, command={inkscape -D -z \infile 
                                                  --export-filename=\outfile }}
l.2 \usepackage
               {tikz}
? 
./tex2svg.tex:2: Emergency stop.
<argument> ...00, command={inkscape -D -z \infile 
                                                  --export-filename=\outfile }}
l.2 \usepackage
               {tikz}
End of file on the terminal!

 
Here is how much of TeX's memory you used:
 15 strings out of 473965
 271 string characters out of 5732986
 384638 words of memory out of 5000000
 23062 multiletter control sequences out of 15000+600000
 558069 words of font info for 36 fonts, out of 8000000 for 9000
 1348 hyphenation exceptions out of 8191
 11i,0n,13p,174b,8s stack positions out of 10000i,1000n,20000p,200000b,200000s
No pages of output.
